============================================================
  Generated by:           Genus(TM) Synthesis Solution 21.14-s082_1
  Generated on:           Feb 06 2026  12:17:06 pm
  Module:                 cic
  Operating conditions:   typical 
  Interconnect mode:      global
  Area mode:              physical library
============================================================

                                  Leakage  
   Gate    Instances    Area    Power (nW)   Library  
------------------------------------------------------
ADDFX1             1     69.854      0.512    typical 
ADDFX2           128   8941.363     66.299    typical 
ADDHXL             7    256.133      1.618    typical 
AND2X1             4     53.222      0.305    typical 
AOI21XL            1     13.306      0.023    typical 
AOI221XL           1     23.285      0.032    typical 
AOI222XL           1     26.611      0.038    typical 
AOI22XL            2     33.264      0.058    typical 
AOI31XL            1     16.632      0.031    typical 
AOI33XL            1     26.611      0.043    typical 
DFFRHQX1         105   7334.712     36.317    typical 
DFFRHQXL          89   6217.042     28.267    typical 
DFFRX1            55   4207.896     17.064    typical 
DFFRXL            11    841.579      3.537    typical 
INVX1              4     26.611      0.046    typical 
INVXL              1      6.653      0.012    typical 
NAND2BXL           2     26.611      0.185    typical 
NAND2X1            3     29.938      0.068    typical 
NAND2XL            1      9.979      0.023    typical 
NOR2BXL            3     39.917      0.243    typical 
NOR2XL             7     69.854      0.101    typical 
NOR4BXL            1     19.958      0.081    typical 
OAI21XL            7     93.139      0.182    typical 
OAI221XL           1     23.285      0.040    typical 
OAI2BB1XL          2     33.264      0.163    typical 
OAI2BB2XL          3     69.854      0.254    typical 
OR2X1              7     93.139      1.053    typical 
TLATNX1            3    109.771      0.697    typical 
XNOR3X2            4    239.501      2.333    typical 
XOR2XL             1     26.611      0.229    typical 
XOR3X2             4    239.501      2.403    typical 
------------------------------------------------------
total            461  29219.098    162.260            


                                            Leakage  Leakage 
     Type      Instances    Area   Area % Power (nW) Power % 
-------------------------------------------------------------
sequential           263 18711.000   64.0     85.883    52.9 
inverter               5    33.264    0.1      0.057     0.0 
logic                193 10474.834   35.8     76.320    47.0 
physical_cells         0     0.000    0.0      0.000     0.0 
-------------------------------------------------------------
total                461 29219.098  100.0    162.260   100.0 

