============================================================
  Generated by:           Genus(TM) Synthesis Solution 21.14-s082_1
  Generated on:           Feb 06 2026  12:17:01 pm
  Module:                 cic
  Operating conditions:   typical 
  Interconnect mode:      global
  Area mode:              physical library
============================================================

Timing
--------

Clock  Period  
---------------
clk   100000.0 


        Cost          Critical         Violating 
       Group         Path Slack  TNS     Paths   
-------------------------------------------------
cg_enable_group_clk    No paths   0.0            
clk                     49729.0   0.0          0 
default                No paths   0.0            
-------------------------------------------------
Total                             0.0          0 

Instance Count
--------------
Leaf Instance Count             1490 
Physical Instance count            0 
Sequential Instance Count        263 
Combinational Instance Count    1227 
Hierarchical Instance Count       10 

Area
----
Cell Area                          49093.606
Physical Cell Area                 0.000
Total Cell Area (Cell+Physical)    49093.606
Net Area                           30.969
Total Area (Cell+Physical+Net)     49124.575

Runtime                            0.0 seconds
Elapsed Runtime                    11 seconds
Genus peak memory usage            1526.07 
Innovus peak memory usage          no_value 
Hostname                           localhost
