============================================================
  Generated by:           Genus(TM) Synthesis Solution 21.14-s082_1
  Generated on:           Feb 06 2026  12:17:05 pm
  Module:                 cic
  Operating conditions:   typical 
  Interconnect mode:      global
  Area mode:              physical library
============================================================

Timing
--------

Clock  Period  
---------------
clk   100000.0 


        Cost          Critical         Violating 
       Group         Path Slack  TNS     Paths   
-------------------------------------------------
cg_enable_group_clk    No paths   0.0            
clk                     49756.5   0.0          0 
default                No paths   0.0            
-------------------------------------------------
Total                             0.0          0 

Instance Count
--------------
Leaf Instance Count             519 
Physical Instance count           0 
Sequential Instance Count       263 
Combinational Instance Count    256 
Hierarchical Instance Count       3 

Area
----
Cell Area                          29239.056
Physical Cell Area                 0.000
Total Cell Area (Cell+Physical)    29239.056
Net Area                           5919.574
Total Area (Cell+Physical+Net)     35158.630

Runtime                            0.0 seconds
Elapsed Runtime                    15 seconds
Genus peak memory usage            1528.91 
Innovus peak memory usage          no_value 
Hostname                           localhost
