Command: report datapath > report_Feb06-12:16:56/generic/cic_datapath.rpt
============================================================
  Generated by:           Genus(TM) Synthesis Solution 21.14-s082_1
  Generated on:           Feb 06 2026  12:17:01 pm
  Module:                 cic
  Operating conditions:   typical 
  Interconnect mode:      global
  Area mode:              physical library
============================================================


Inferred components

             Operator Signedness Inputs Outputs CellArea 
=========================================================
cic
 ADD_TC_OP
  
  module:add_signed_6
   very_fast     +    signed     20x4   20       4034.78 
=========================================================
cic
 ADD_TC_OP_1
  
  module:add_signed_2
   very_fast     +    signed     20x20  20       3530.43 
=========================================================
cic
 ADD_TC_OP_2
  
  module:add_signed_2
   very_fast     +    signed     20x20  20       3530.43 
=========================================================
cic
 ADD_TC_OP_3
  
  module:add_signed_2
   very_fast     +    signed     20x20  20       3530.43 
=========================================================
cic
 sub_72_24
  
  module:sub_signed_3_20
   very_fast     -    signed     20x20  20       3507.50 
=========================================================
cic
 sub_75_30_I1
  
  module:sub_signed_3_21
   very_fast     -    signed     20x20  20       3507.50 
=========================================================
cic
 sub_75_30_I2
  
  module:sub_signed_3
   very_fast     -    signed     20x20  20       3507.50 
=========================================================

      Type       CellArea Percentage 
-------------------------------------
datapath modules 25148.58      51.23 
external muxes       0.00       0.00 
others           23945.03      48.77 
-------------------------------------
total            49093.61     100.00 

