#! /usr/local/bin/vvp
:ivl_version "12.0 (stable)";
:ivl_delay_selection "TYPICAL";
:vpi_time_precision - 9;
:vpi_module "/usr/local/lib/ivl/system.vpi";
:vpi_module "/usr/local/lib/ivl/vhdl_sys.vpi";
:vpi_module "/usr/local/lib/ivl/vhdl_textio.vpi";
:vpi_module "/usr/local/lib/ivl/v2005_math.vpi";
:vpi_module "/usr/local/lib/ivl/va_math.vpi";
S_0x63d312846d50 .scope module, "tb" "tb" 2 3;
 .timescale -9 -9;
P_0x63d312869720 .param/l "decimation_ratio" 0 2 7, +C4<00000000000000000000000000000100>;
P_0x63d312869760 .param/l "differential_delay" 0 2 9, +C4<00000000000000000000000000000100>;
P_0x63d3128697a0 .param/l "in_width" 0 2 6, +C4<00000000000000000000000000010000>;
P_0x63d3128697e0 .param/l "order" 0 2 8, +C4<00000000000000000000000000000110>;
P_0x63d312869820 .param/l "out_width" 0 2 5, +C4<00000000000000000000000000010000>;
v0x63d31288b600_0 .var "ce_1", 0 0;
v0x63d31288b6c0_0 .var "ce_2", 0 0;
v0x63d31288b790_0 .var "ce_2_d", 0 0;
v0x63d31288b860_0 .var "clk", 0 0;
v0x63d31288b930_0 .var/s "d_in", 15 0;
v0x63d31288b9d0_0 .net/s "d_out", 15 0, L_0x63d31289ca20;  1 drivers
v0x63d31288baa0_0 .var/i "dec_cnt", 31 0;
v0x63d31288bb40_0 .var/i "file_in", 31 0;
v0x63d31288bc00_0 .var/i "file_out", 31 0;
v0x63d31288bd70_0 .var "rst", 0 0;
v0x63d31288be40_0 .var/s "sample_in", 15 0;
v0x63d31288bf00_0 .var/i "status", 31 0;
E_0x63d31285c540 .event posedge, v0x63d31288a890_0;
S_0x63d312844a00 .scope module, "uut" "cic" 2 39, 3 4 0, S_0x63d312846d50;
 .timescale -9 -9;
    .port_info 0 /INPUT 1 "clk";
    .port_info 1 /INPUT 1 "rst";
    .port_info 2 /INPUT 16 "d_in";
    .port_info 3 /INPUT 1 "ce_1";
    .port_info 4 /INPUT 1 "ce_2";
    .port_info 5 /OUTPUT 16 "d_out";
P_0x63d312817690 .param/l "COUNTW" 1 3 19, +C4<00000000000000000000000000000010>;
P_0x63d3128176d0 .param/l "GAIN_BITS" 1 3 20, +C4<00000000000000000000000000011000>;
P_0x63d312817710 .param/l "decimation_ratio" 0 3 7, +C4<00000000000000000000000000000100>;
P_0x63d312817750 .param/l "differential_delay" 0 3 9, +C4<00000000000000000000000000000100>;
P_0x63d312817790 .param/l "in_width" 0 3 6, +C4<00000000000000000000000000010000>;
P_0x63d3128177d0 .param/l "order" 0 3 8, +C4<00000000000000000000000000000110>;
P_0x63d312817810 .param/l "out_width" 0 3 5, +C4<00000000000000000000000000010000>;
v0x63d312868a70_0 .net *"_ivl_11", 15 0, L_0x63d31289c810;  1 drivers
L_0x7bf0a124e018 .functor BUFT 1, C4<0000000000000000100000000000000000000000>, C4<0>, C4<0>, C4<0>;
v0x63d31286b370_0 .net/2s *"_ivl_5", 39 0, L_0x7bf0a124e018;  1 drivers
v0x63d312849120_0 .net/s *"_ivl_7", 39 0, L_0x63d31289c6a0;  1 drivers
v0x63d3128491c0_0 .net *"_ivl_9", 39 0, L_0x63d31289c900;  1 drivers
v0x63d31288a6c0_0 .net "ce_1", 0 0, v0x63d31288b600_0;  1 drivers
v0x63d31288a7d0_0 .net "ce_2", 0 0, v0x63d31288b6c0_0;  1 drivers
v0x63d31288a890_0 .net "clk", 0 0, v0x63d31288b860_0;  1 drivers
v0x63d31288a950 .array "comb", 5 0;
v0x63d31288a950_0 .net/s v0x63d31288a950 0, 39 0, L_0x63d31288c540; 1 drivers
v0x63d31288a950_1 .net/s v0x63d31288a950 1, 39 0, L_0x63d31288bfe0; 1 drivers
v0x63d31288a950_2 .net/s v0x63d31288a950 2, 39 0, L_0x63d31288c110; 1 drivers
v0x63d31288a950_3 .net/s v0x63d31288a950 3, 39 0, L_0x63d31288c1e0; 1 drivers
v0x63d31288a950_4 .net/s v0x63d31288a950 4, 39 0, L_0x63d31288c300; 1 drivers
v0x63d31288a950_5 .net/s v0x63d31288a950 5, 39 0, L_0x63d31288c420; 1 drivers
v0x63d31288aad0 .array/s "d_comb", 23 0, 39 0;
v0x63d31288af60_0 .net/s "d_in", 15 0, v0x63d31288b930_0;  1 drivers
v0x63d31288b040_0 .net/s "d_out", 15 0, L_0x63d31289ca20;  alias, 1 drivers
v0x63d31288b120_0 .var/s "d_tmp", 39 0;
v0x63d31288b200_0 .var/i "i", 31 0;
v0x63d31288b2e0 .array/s "integrator", 5 0, 39 0;
v0x63d31288b3a0_0 .var/i "j", 31 0;
v0x63d31288b480_0 .net "rst", 0 0, v0x63d31288bd70_0;  1 drivers
E_0x63d312865ab0 .event posedge, v0x63d31288b480_0, v0x63d31288a890_0;
v0x63d31288aad0_3 .array/port v0x63d31288aad0, 3;
L_0x63d31288c540 .arith/sub 40, v0x63d31288b120_0, v0x63d31288aad0_3;
L_0x63d31289c6a0 .arith/sum 40, L_0x63d31288c420, L_0x7bf0a124e018;
L_0x63d31289c810 .part L_0x63d31289c6a0, 24, 16;
L_0x63d31289c900 .extend/s 40, L_0x63d31289c810;
L_0x63d31289ca20 .part L_0x63d31289c900, 0, 16;
S_0x63d312843d80 .scope generate, "hello[1]" "hello[1]" 3 74, 3 74 0, S_0x63d312844a00;
 .timescale -9 -9;
P_0x63d31284eaa0 .param/l "r" 1 3 74, +C4<01>;
v0x63d31288aad0_7 .array/port v0x63d31288aad0, 7;
L_0x63d31288bfe0 .arith/sub 40, L_0x63d31288c540, v0x63d31288aad0_7;
S_0x63d312843100 .scope generate, "hello[2]" "hello[2]" 3 74, 3 74 0, S_0x63d312844a00;
 .timescale -9 -9;
P_0x63d312850450 .param/l "r" 1 3 74, +C4<010>;
v0x63d31288aad0_11 .array/port v0x63d31288aad0, 11;
L_0x63d31288c110 .arith/sub 40, L_0x63d31288bfe0, v0x63d31288aad0_11;
S_0x63d312844760 .scope generate, "hello[3]" "hello[3]" 3 74, 3 74 0, S_0x63d312844a00;
 .timescale -9 -9;
P_0x63d312844940 .param/l "r" 1 3 74, +C4<011>;
v0x63d31288aad0_15 .array/port v0x63d31288aad0, 15;
L_0x63d31288c1e0 .arith/sub 40, L_0x63d31288c110, v0x63d31288aad0_15;
S_0x63d312843ae0 .scope generate, "hello[4]" "hello[4]" 3 74, 3 74 0, S_0x63d312844a00;
 .timescale -9 -9;
P_0x63d312843cc0 .param/l "r" 1 3 74, +C4<0100>;
v0x63d31288aad0_19 .array/port v0x63d31288aad0, 19;
L_0x63d31288c300 .arith/sub 40, L_0x63d31288c1e0, v0x63d31288aad0_19;
S_0x63d31286bcd0 .scope generate, "hello[5]" "hello[5]" 3 74, 3 74 0, S_0x63d312844a00;
 .timescale -9 -9;
P_0x63d31286bf00 .param/l "r" 1 3 74, +C4<0101>;
v0x63d31288aad0_23 .array/port v0x63d31288aad0, 23;
L_0x63d31288c420 .arith/sub 40, L_0x63d31288c300, v0x63d31288aad0_23;
    .scope S_0x63d312844a00;
T_0 ;
    %wait E_0x63d312865ab0;
    %load/vec4 v0x63d31288b480_0;
    %flag_set/vec4 8;
    %jmp/0xz  T_0.0, 8;
    %pushi/vec4 0, 0, 32;
    %store/vec4 v0x63d31288b200_0, 0, 32;
T_0.2 ;
    %load/vec4 v0x63d31288b200_0;
    %cmpi/s 5, 0, 32;
    %flag_or 5, 4;
    %jmp/0xz T_0.3, 5;
    %pushi/vec4 0, 0, 40;
    %ix/getv/s 3, v0x63d31288b200_0;
    %ix/load 4, 0, 0; Constant delay
    %assign/vec4/a/d v0x63d31288b2e0, 0, 4;
    %load/vec4 v0x63d31288b200_0;
    %addi 1, 0, 32;
    %store/vec4 v0x63d31288b200_0, 0, 32;
    %jmp T_0.2;
T_0.3 ;
    %pushi/vec4 0, 0, 40;
    %assign/vec4 v0x63d31288b120_0, 0;
    %jmp T_0.1;
T_0.0 ;
    %load/vec4 v0x63d31288a6c0_0;
    %flag_set/vec4 8;
    %jmp/0xz  T_0.4, 8;
    %ix/load 4, 0, 0;
    %flag_set/imm 4, 0;
    %load/vec4a v0x63d31288b2e0, 4;
    %load/vec4 v0x63d31288af60_0;
    %pad/s 40;
    %add;
    %ix/load 3, 0, 0;
    %flag_set/imm 4, 0;
    %ix/load 4, 0, 0; Constant delay
    %assign/vec4/a/d v0x63d31288b2e0, 0, 4;
    %pushi/vec4 1, 0, 32;
    %store/vec4 v0x63d31288b200_0, 0, 32;
T_0.6 ;
    %load/vec4 v0x63d31288b200_0;
    %cmpi/s 5, 0, 32;
    %flag_or 5, 4;
    %jmp/0xz T_0.7, 5;
    %ix/getv/s 4, v0x63d31288b200_0;
    %load/vec4a v0x63d31288b2e0, 4;
    %load/vec4 v0x63d31288b200_0;
    %subi 1, 0, 32;
    %ix/vec4/s 4;
    %load/vec4a v0x63d31288b2e0, 4;
    %add;
    %ix/getv/s 3, v0x63d31288b200_0;
    %ix/load 4, 0, 0; Constant delay
    %assign/vec4/a/d v0x63d31288b2e0, 0, 4;
    %load/vec4 v0x63d31288b200_0;
    %addi 1, 0, 32;
    %store/vec4 v0x63d31288b200_0, 0, 32;
    %jmp T_0.6;
T_0.7 ;
    %load/vec4 v0x63d31288a7d0_0;
    %flag_set/vec4 8;
    %jmp/0xz  T_0.8, 8;
    %ix/load 4, 5, 0;
    %flag_set/imm 4, 0;
    %load/vec4a v0x63d31288b2e0, 4;
    %assign/vec4 v0x63d31288b120_0, 0;
T_0.8 ;
T_0.4 ;
T_0.1 ;
    %jmp T_0;
    .thread T_0;
    .scope S_0x63d312844a00;
T_1 ;
    %wait E_0x63d312865ab0;
    %load/vec4 v0x63d31288b480_0;
    %flag_set/vec4 8;
    %jmp/0xz  T_1.0, 8;
    %pushi/vec4 0, 0, 32;
    %store/vec4 v0x63d31288b200_0, 0, 32;
T_1.2 ;
    %load/vec4 v0x63d31288b200_0;
    %cmpi/s 5, 0, 32;
    %flag_or 5, 4;
    %jmp/0xz T_1.3, 5;
    %pushi/vec4 0, 0, 32;
    %store/vec4 v0x63d31288b3a0_0, 0, 32;
T_1.4 ;
    %load/vec4 v0x63d31288b3a0_0;
    %cmpi/s 4, 0, 32;
    %jmp/0xz T_1.5, 5;
    %pushi/vec4 0, 0, 40;
    %load/vec4 v0x63d31288b200_0;
    %pad/s 35;
    %pad/s 37;
    %muli 4, 0, 37;
    %pad/s 38;
    %load/vec4 v0x63d31288b3a0_0;
    %pad/s 38;
    %add;
    %ix/vec4/s 3;
    %ix/load 4, 0, 0; Constant delay
    %assign/vec4/a/d v0x63d31288aad0, 0, 4;
    %load/vec4 v0x63d31288b3a0_0;
    %addi 1, 0, 32;
    %store/vec4 v0x63d31288b3a0_0, 0, 32;
    %jmp T_1.4;
T_1.5 ;
    %load/vec4 v0x63d31288b200_0;
    %addi 1, 0, 32;
    %store/vec4 v0x63d31288b200_0, 0, 32;
    %jmp T_1.2;
T_1.3 ;
    %jmp T_1.1;
T_1.0 ;
    %load/vec4 v0x63d31288a7d0_0;
    %flag_set/vec4 8;
    %jmp/0xz  T_1.6, 8;
    %pushi/vec4 3, 0, 32;
    %store/vec4 v0x63d31288b3a0_0, 0, 32;
T_1.8 ;
    %load/vec4 v0x63d31288b3a0_0;
    %cmpi/s 0, 0, 32;
    %flag_or 5, 4; GT is !LE
    %flag_inv 5;
    %jmp/0xz T_1.9, 5;
    %load/vec4 v0x63d31288b3a0_0;
    %subi 1, 0, 32;
    %ix/vec4/s 4;
    %load/vec4a v0x63d31288aad0, 4;
    %ix/getv/s 3, v0x63d31288b3a0_0;
    %ix/load 4, 0, 0; Constant delay
    %assign/vec4/a/d v0x63d31288aad0, 0, 4;
    %load/vec4 v0x63d31288b3a0_0;
    %subi 1, 0, 32;
    %store/vec4 v0x63d31288b3a0_0, 0, 32;
    %jmp T_1.8;
T_1.9 ;
    %load/vec4 v0x63d31288b120_0;
    %ix/load 3, 0, 0;
    %flag_set/imm 4, 0;
    %ix/load 4, 0, 0; Constant delay
    %assign/vec4/a/d v0x63d31288aad0, 0, 4;
    %pushi/vec4 1, 0, 32;
    %store/vec4 v0x63d31288b200_0, 0, 32;
T_1.10 ;
    %load/vec4 v0x63d31288b200_0;
    %cmpi/s 5, 0, 32;
    %flag_or 5, 4;
    %jmp/0xz T_1.11, 5;
    %pushi/vec4 3, 0, 32;
    %store/vec4 v0x63d31288b3a0_0, 0, 32;
T_1.12 ;
    %load/vec4 v0x63d31288b3a0_0;
    %cmpi/s 0, 0, 32;
    %flag_or 5, 4; GT is !LE
    %flag_inv 5;
    %jmp/0xz T_1.13, 5;
    %load/vec4 v0x63d31288b200_0;
    %pad/s 35;
    %pad/s 37;
    %muli 4, 0, 37;
    %pad/s 38;
    %load/vec4 v0x63d31288b3a0_0;
    %subi 1, 0, 32;
    %pad/s 38;
    %add;
    %ix/vec4/s 4;
    %load/vec4a v0x63d31288aad0, 4;
    %load/vec4 v0x63d31288b200_0;
    %pad/s 35;
    %pad/s 37;
    %muli 4, 0, 37;
    %pad/s 38;
    %load/vec4 v0x63d31288b3a0_0;
    %pad/s 38;
    %add;
    %ix/vec4/s 3;
    %ix/load 4, 0, 0; Constant delay
    %assign/vec4/a/d v0x63d31288aad0, 0, 4;
    %load/vec4 v0x63d31288b3a0_0;
    %subi 1, 0, 32;
    %store/vec4 v0x63d31288b3a0_0, 0, 32;
    %jmp T_1.12;
T_1.13 ;
    %load/vec4 v0x63d31288b200_0;
    %subi 1, 0, 32;
    %ix/vec4/s 4;
    %load/vec4a v0x63d31288a950, 4;
    %load/vec4 v0x63d31288b200_0;
    %pad/s 35;
    %pad/s 37;
    %muli 4, 0, 37;
    %ix/vec4/s 3;
    %ix/load 4, 0, 0; Constant delay
    %assign/vec4/a/d v0x63d31288aad0, 0, 4;
    %load/vec4 v0x63d31288b200_0;
    %addi 1, 0, 32;
    %store/vec4 v0x63d31288b200_0, 0, 32;
    %jmp T_1.10;
T_1.11 ;
T_1.6 ;
T_1.1 ;
    %jmp T_1;
    .thread T_1;
    .scope S_0x63d312846d50;
T_2 ;
    %delay 50, 0;
    %load/vec4 v0x63d31288b860_0;
    %inv;
    %store/vec4 v0x63d31288b860_0, 0, 1;
    %jmp T_2;
    .thread T_2;
    .scope S_0x63d312846d50;
T_3 ;
    %wait E_0x63d31285c540;
    %load/vec4 v0x63d31288bd70_0;
    %flag_set/vec4 8;
    %jmp/0xz  T_3.0, 8;
    %pushi/vec4 0, 0, 32;
    %assign/vec4 v0x63d31288baa0_0, 0;
    %pushi/vec4 0, 0, 1;
    %assign/vec4 v0x63d31288b6c0_0, 0;
    %jmp T_3.1;
T_3.0 ;
    %load/vec4 v0x63d31288baa0_0;
    %cmpi/e 3, 0, 32;
    %jmp/0xz  T_3.2, 4;
    %pushi/vec4 0, 0, 32;
    %assign/vec4 v0x63d31288baa0_0, 0;
    %pushi/vec4 1, 0, 1;
    %assign/vec4 v0x63d31288b6c0_0, 0;
    %jmp T_3.3;
T_3.2 ;
    %load/vec4 v0x63d31288baa0_0;
    %addi 1, 0, 32;
    %assign/vec4 v0x63d31288baa0_0, 0;
    %pushi/vec4 0, 0, 1;
    %assign/vec4 v0x63d31288b6c0_0, 0;
T_3.3 ;
T_3.1 ;
    %jmp T_3;
    .thread T_3;
    .scope S_0x63d312846d50;
T_4 ;
    %wait E_0x63d31285c540;
    %load/vec4 v0x63d31288b6c0_0;
    %assign/vec4 v0x63d31288b790_0, 0;
    %load/vec4 v0x63d31288bd70_0;
    %nor/r;
    %flag_set/vec4 9;
    %flag_get/vec4 9;
    %jmp/0 T_4.2, 9;
    %load/vec4 v0x63d31288b790_0;
    %and;
T_4.2;
    %flag_set/vec4 8;
    %jmp/0xz  T_4.0, 8;
    %vpi_call 2 73 "$fwrite", v0x63d31288bc00_0, "%d\012", v0x63d31288b9d0_0 {0 0 0};
T_4.0 ;
    %jmp T_4;
    .thread T_4;
    .scope S_0x63d312846d50;
T_5 ;
    %pushi/vec4 0, 0, 1;
    %store/vec4 v0x63d31288b860_0, 0, 1;
    %pushi/vec4 1, 0, 1;
    %store/vec4 v0x63d31288bd70_0, 0, 1;
    %pushi/vec4 1, 0, 1;
    %store/vec4 v0x63d31288b600_0, 0, 1;
    %pushi/vec4 0, 0, 1;
    %store/vec4 v0x63d31288b6c0_0, 0, 1;
    %pushi/vec4 0, 0, 16;
    %store/vec4 v0x63d31288b930_0, 0, 16;
    %pushi/vec4 0, 0, 32;
    %store/vec4 v0x63d31288baa0_0, 0, 32;
    %vpi_func 2 87 "$fopen" 32, "input.txt", "r" {0 0 0};
    %store/vec4 v0x63d31288bb40_0, 0, 32;
    %vpi_func 2 88 "$fopen" 32, "output.txt", "w" {0 0 0};
    %store/vec4 v0x63d31288bc00_0, 0, 32;
    %load/vec4 v0x63d31288bb40_0;
    %cmpi/e 0, 0, 32;
    %jmp/1 T_5.2, 4;
    %flag_mov 8, 4;
    %load/vec4 v0x63d31288bc00_0;
    %cmpi/e 0, 0, 32;
    %flag_or 4, 8;
T_5.2;
    %jmp/0xz  T_5.0, 4;
    %vpi_call 2 91 "$display", "Error: Could not open input.txt or output_v.txt" {0 0 0};
    %vpi_call 2 92 "$finish" {0 0 0};
T_5.0 ;
    %delay 200, 0;
    %pushi/vec4 0, 0, 1;
    %store/vec4 v0x63d31288bd70_0, 0, 1;
    %delay 100, 0;
    %vpi_call 2 99 "$display", "Starting simulation..." {0 0 0};
T_5.3 ;
    %vpi_func 2 102 "$feof" 32, v0x63d31288bb40_0 {0 0 0};
    %nor/r;
    %flag_set/vec4 8;
    %jmp/0xz T_5.4, 8;
    %vpi_func 2 103 "$fscanf" 32, v0x63d31288bb40_0, "%d\012", v0x63d31288be40_0 {0 0 0};
    %store/vec4 v0x63d31288bf00_0, 0, 32;
    %load/vec4 v0x63d31288be40_0;
    %store/vec4 v0x63d31288b930_0, 0, 16;
    %wait E_0x63d31285c540;
    %jmp T_5.3;
T_5.4 ;
    %pushi/vec4 200, 0, 32;
T_5.5 %dup/vec4;
    %pushi/vec4 0, 0, 32;
    %cmp/s;
    %jmp/1xz T_5.6, 5;
    %jmp/1 T_5.6, 4;
    %pushi/vec4 1, 0, 32;
    %sub;
    %wait E_0x63d31285c540;
    %jmp T_5.5;
T_5.6 ;
    %pop/vec4 1;
    %vpi_call 2 116 "$fclose", v0x63d31288bb40_0 {0 0 0};
    %vpi_call 2 117 "$fclose", v0x63d31288bc00_0 {0 0 0};
    %vpi_call 2 119 "$display", "Simulation finished. Check output_v.txt" {0 0 0};
    %vpi_call 2 120 "$finish" {0 0 0};
    %end;
    .thread T_5;
# The file index is used to find the file name in the following table.
:file_names 4;
    "N/A";
    "<interactive>";
    "tb.v";
    "../hdl/cic.v";
