###############################################################
#  Generated by:      Cadence Innovus 21.15-s110_1
#  OS:                Linux x86_64(Host ID dtiresearch.iitbhu.ac.in)
#  Generated on:      Fri Feb  6 12:51:28 2026
#  Design:            cic
#  Command:           check_pin_assignment
###############################################################

Start Checking pins of top cell: [cic] 
Summary report for top level: [cic] 
	Total Pins                         : 12
	Legally Assigned Pins              : 12
End of Summary report
End Checking pins of top cell: [cic] 


===========================================================================================================================
                                                checkPinAssignment Summary
===========================================================================================================================
Partition   | pads  | pins   | legal  | illegal | internal | internal illegal | FT     | FT illegal | constant | unplaced |
===========================================================================================================================
cic         |     0 |     12 |     12 |       0 |        0 |                0 |      0 |          0 |        0 |        0 |
===========================================================================================================================
TOTAL       |     0 |     12 |     12 |       0 |        0 |                0 |      0 |          0 |        0 |        0 |
===========================================================================================================================
