###############################################################
#  Generated by:      Cadence Innovus 21.15-s110_1
#  OS:                Linux x86_64(Host ID dtiresearch.iitbhu.ac.in)
#  Generated on:      Fri Feb  6 12:51:56 2026
#  Design:            cic
#  Command:           check_metal_density
###############################################################

Verify Density report created on Fri Feb  6 12:51:56 2026

###############################################################
# Layer       M1 - Window size      : 100.0um X 100.0um
# Layer       M1 - Window step      : 50.0um X 50.0um
# Layer       M1 - Min Density      : 20%
# Layer       M1 - Pref Density     : 35%
# Layer       M1 - Max Density      : 80%
# Layer       M1 - Ext Density      : 35%
# Layer       M2 - Window size      : 100.0um X 100.0um
# Layer       M2 - Window step      : 50.0um X 50.0um
# Layer       M2 - Min Density      : 20%
# Layer       M2 - Pref Density     : 35%
# Layer       M2 - Max Density      : 80%
# Layer       M2 - Ext Density      : 35%
# Layer       M3 - Window size      : 100.0um X 100.0um
# Layer       M3 - Window step      : 50.0um X 50.0um
# Layer       M3 - Min Density      : 20%
# Layer       M3 - Pref Density     : 35%
# Layer       M3 - Max Density      : 80%
# Layer       M3 - Ext Density      : 35%
# Layer       M4 - Window size      : 100.0um X 100.0um
# Layer       M4 - Window step      : 50.0um X 50.0um
# Layer       M4 - Min Density      : 20%
# Layer       M4 - Pref Density     : 35%
# Layer       M4 - Max Density      : 80%
# Layer       M4 - Ext Density      : 35%
# Layer       M5 - Window size      : 100.0um X 100.0um
# Layer       M5 - Window step      : 50.0um X 50.0um
# Layer       M5 - Min Density      : 20%
# Layer       M5 - Pref Density     : 35%
# Layer       M5 - Max Density      : 80%
# Layer       M5 - Ext Density      : 35%
# Layer       M6 - Window size      : 100.0um X 100.0um
# Layer       M6 - Window step      : 50.0um X 50.0um
# Layer       M6 - Min Density      : 20%
# Layer       M6 - Pref Density     : 35%
# Layer       M6 - Max Density      : 80%
# Layer       M6 - Ext Density      : 35%
###############################################################


    Layer    Density(%)          Window  
***************************************************

      M6        4.64    (0 0) (100 100)
      M6        4.44    (50 0) (150 100)
      M6        3.44    (100 0) (200 100)
      M6        4.64    (150 0) (250 100)
      M6        4.64    (153.44 0) (253.44 100)
      M6        5.52    (0 50) (100 150)
      M6        5.28    (50 50) (150 150)
      M6        4.10    (100 50) (200 150)
      M6        5.52    (150 50) (250 150)
      M6        5.52    (153.44 50) (253.44 150)
      M6        5.52    (0 100) (100 200)
      M6        5.28    (50 100) (150 200)
      M6        4.10    (100 100) (200 200)
      M6        5.52    (150 100) (250 200)
      M6        5.52    (153.44 100) (253.44 200)
      M6        4.64    (0 136.88) (100 236.88)
      M6        4.44    (50 136.88) (150 236.88)
      M6        3.44    (100 136.88) (200 236.88)
      M6        4.64    (150 136.88) (250 236.88)
      M6        4.64    (153.44 136.88) (253.44 236.88)

      M5        4.01    (0 0) (100 100)
      M5        4.56    (50 0) (150 100)
      M5        4.49    (100 0) (200 100)
      M5        4.03    (150 0) (250 100)
      M5        3.88    (153.44 0) (253.44 100)
      M5        3.36    (0 50) (100 150)
      M5        3.76    (50 50) (150 150)
      M5        3.67    (100 50) (200 150)
      M5        3.35    (150 50) (250 150)
      M5        3.24    (153.44 50) (253.44 150)
      M5        3.24    (0 100) (100 200)
      M5        3.76    (50 100) (150 200)
      M5        3.67    (100 100) (200 200)
      M5        3.35    (150 100) (250 200)
      M5        3.24    (153.44 100) (253.44 200)
      M5        3.88    (0 136.88) (100 236.88)
      M5        4.56    (50 136.88) (150 236.88)
      M5        4.49    (100 136.88) (200 236.88)
      M5        4.03    (150 136.88) (250 236.88)
      M5        3.88    (153.44 136.88) (253.44 236.88)

      M4        0.76    (0 0) (100 100)
      M4        1.06    (50 0) (150 100)
      M4        1.00    (100 0) (200 100)
      M4        0.77    (150 0) (250 100)
      M4        0.76    (153.44 0) (253.44 100)
      M4        0.98    (0 50) (100 150)
      M4        1.64    (50 50) (150 150)
      M4        1.58    (100 50) (200 150)
      M4        1.05    (150 50) (250 150)
      M4        0.98    (153.44 50) (253.44 150)
      M4        0.97    (0 100) (100 200)
      M4        1.65    (50 100) (150 200)
      M4        1.61    (100 100) (200 200)
      M4        1.12    (150 100) (250 200)
      M4        1.06    (153.44 100) (253.44 200)
      M4        0.59    (0 136.88) (100 236.88)
      M4        1.18    (50 136.88) (150 236.88)
      M4        1.17    (100 136.88) (200 236.88)
      M4        0.86    (150 136.88) (250 236.88)
      M4        0.86    (153.44 136.88) (253.44 236.88)

      M3        3.35    (0 0) (100 100)
      M3        4.02    (50 0) (150 100)
      M3        3.70    (100 0) (200 100)
      M3        3.14    (150 0) (250 100)
      M3        3.03    (153.44 0) (253.44 100)
      M3        3.75    (0 50) (100 150)
      M3        5.02    (50 50) (150 150)
      M3        4.73    (100 50) (200 150)
      M3        4.01    (150 50) (250 150)
      M3        3.85    (153.44 50) (253.44 150)
      M3        4.10    (0 100) (100 200)
      M3        5.46    (50 100) (150 200)
      M3        5.14    (100 100) (200 200)
      M3        4.24    (150 100) (250 200)
      M3        4.04    (153.44 100) (253.44 200)
      M3        3.70    (0 136.88) (100 236.88)
      M3        4.96    (50 136.88) (150 236.88)
      M3        4.61    (100 136.88) (200 236.88)
      M3        3.59    (150 136.88) (250 236.88)
      M3        3.44    (153.44 136.88) (253.44 236.88)

      M2        4.71    (0 0) (100 100)
      M2        5.40    (50 0) (150 100)
      M2        5.54    (100 0) (200 100)
      M2        4.74    (150 0) (250 100)
      M2        4.54    (153.44 0) (253.44 100)
      M2        5.82    (0 50) (100 150)
      M2        7.18    (50 50) (150 150)
      M2        7.60    (100 50) (200 150)
      M2        6.56    (150 50) (250 150)
      M2        6.19    (153.44 50) (253.44 150)
      M2        5.98    (0 100) (100 200)
      M2        7.32    (50 100) (150 200)
      M2        7.55    (100 100) (200 200)
      M2        6.61    (150 100) (250 200)
      M2        6.24    (153.44 100) (253.44 200)
      M2        4.73    (0 136.88) (100 236.88)
      M2        6.18    (50 136.88) (150 236.88)
      M2        6.19    (100 136.88) (200 236.88)
      M2        5.24    (150 136.88) (250 236.88)
      M2        4.94    (153.44 136.88) (253.44 236.88)


A total of 100 density violation(s).
Windows < Min. Density = 100
Windows > Max. Density = 0
Windows < Min. Union. Density = 0
Windows > Max. Union. Density = 0
